<?xml version="1.0" encoding="UTF-8"?>
<!-- Generated by org.testng.reporters.JUnitXMLReporter -->
<testsuite hostname="IP-AC1FA9F2" ignored="11" name="Kemble Tests" tests="2" failures="2" timestamp="25 Feb 2018 21:45:26 GMT" time="37.426" errors="0">
  <testcase name="cteateUnitOverAccount" time="11.7" classname="Tests.Tests">
    <failure type="org.openqa.selenium.NoSuchElementException" message="no such element: Unable to locate element: {&amp;quot;method&amp;quot;:&amp;quot;xpath&amp;quot;,&amp;quot;selector&amp;quot;:&amp;quot;//*[@id=&amp;apos;bpjscontainer_16&amp;apos;]/header[1]/div/div/ul/li[2]/a&amp;quot;}
  (Session info: chrome=64.0.3282.140)
  (Driver info: chromedriver=2.32.498550 (9dec58e66c31bcc53a9ce3c7226f0c1c5810906a),platform=Windows NT 10.0.14393 x86_64) (WARNING: The server did not provide any stacktrace information)
Command duration or timeout: 5.03 seconds
For documentation on this error, please visit: http://seleniumhq.org/exceptions/no_such_element.html
Build info: version: &amp;apos;unknown&amp;apos;, revision: &amp;apos;unknown&amp;apos;, time: &amp;apos;unknown&amp;apos;
System info: host: &amp;apos;IP-AC1FA9F2&amp;apos;, ip: &amp;apos;10.1.72.252&amp;apos;, os.name: &amp;apos;Windows Server 2016&amp;apos;, os.arch: &amp;apos;amd64&amp;apos;, os.version: &amp;apos;10.0&amp;apos;, java.version: &amp;apos;1.8.0_161&amp;apos;
Driver info: org.openqa.selenium.chrome.ChromeDriver
Capabilities [{applicationCacheEnabled=false, rotatable=false, mobileEmulationEnabled=false, networkConnectionEnabled=false, chrome={chromedriverVersion=2.32.498550 (9dec58e66c31bcc53a9ce3c7226f0c1c5810906a), userDataDir=D:\Users\Adhnan.Ghaffar\AppData\Local\Temp\1\scoped_dir12996_29952}, takesHeapSnapshot=true, pageLoadStrategy=normal, databaseEnabled=false, handlesAlerts=true, hasTouchScreen=false, version=64.0.3282.140, platform=XP, browserConnectionEnabled=false, nativeEvents=true, acceptSslCerts=true, locationContextEnabled=true, webStorageEnabled=true, browserName=chrome, takesScreenshot=true, javascriptEnabled=true, cssSelectorsEnabled=true, setWindowRect=true, unexpectedAlertBehaviour=}]
Session ID: 76c86dfe46f1a6097608d095078165bc
*** Element info: {Using=xpath, value=//*[@id=&amp;apos;bpjscontainer_16&amp;apos;]/header[1]/div/div/ul/li[2]/a}">
      <![CDATA[org.openqa.selenium.NoSuchElementException: no such element: Unable to locate element: {"method":"xpath","selector":"//*[@id='bpjscontainer_16']/header[1]/div/div/ul/li[2]/a"}  (Session info: chrome=64.0.3282.140)  (Driver info: chromedriver=2.32.498550 (9dec58e66c31bcc53a9ce3c7226f0c1c5810906a),platform=Windows NT 10.0.14393 x86_64) (WARNING: The server did not provide any stacktrace information)Command duration or timeout: 5.03 secondsFor documentation on this error, please visit: http://seleniumhq.org/exceptions/no_such_element.htmlBuild info: version: 'unknown', revision: 'unknown', time: 'unknown'System info: host: 'IP-AC1FA9F2', ip: '10.1.72.252', os.name: 'Windows Server 2016', os.arch: 'amd64', os.version: '10.0', java.version: '1.8.0_161'Driver info: org.openqa.selenium.chrome.ChromeDriverCapabilities [{applicationCacheEnabled=false, rotatable=false, mobileEmulationEnabled=false, networkConnectionEnabled=false, chrome={chromedriverVersion=2.32.498550 (9dec58e66c31bcc53a9ce3c7226f0c1c5810906a), userDataDir=D:\Users\Adhnan.Ghaffar\AppData\Local\Temp\1\scoped_dir12996_29952}, takesHeapSnapshot=true, pageLoadStrategy=normal, databaseEnabled=false, handlesAlerts=true, hasTouchScreen=false, version=64.0.3282.140, platform=XP, browserConnectionEnabled=false, nativeEvents=true, acceptSslCerts=true, locationContextEnabled=true, webStorageEnabled=true, browserName=chrome, takesScreenshot=true, javascriptEnabled=true, cssSelectorsEnabled=true, setWindowRect=true, unexpectedAlertBehaviour=}]Session ID: 76c86dfe46f1a6097608d095078165bc*** Element info: {Using=xpath, value=//*[@id='bpjscontainer_16']/header[1]/div/div/ul/li[2]/a}at org.openqa.selenium.remote.ErrorHandler.createThrowable(ErrorHandler.java:215)at org.openqa.selenium.remote.ErrorHandler.throwIfResponseFailed(ErrorHandler.java:167)at org.openqa.selenium.remote.RemoteWebDriver.execute(RemoteWebDriver.java:671)at org.openqa.selenium.remote.RemoteWebDriver.findElement(RemoteWebDriver.java:410)at org.openqa.selenium.remote.RemoteWebDriver.findElementByXPath(RemoteWebDriver.java:509)at org.openqa.selenium.By$ByXPath.findElement(By.java:361)at org.openqa.selenium.remote.RemoteWebDriver.findElement(RemoteWebDriver.java:402)at Tests.Tests.inventoryLink(Tests.java:732)at Tests.Tests.cteateUnitOverAccount(Tests.java:50)... Removed 29 stack frames]]>
    </failure>
  </testcase> <!-- cteateUnitOverAccount -->
  <testcase name="CreateRole" time="25.697" classname="Tests.Tests">
    <failure type="java.lang.AssertionError" message="New role deos not created expected [Successfully Created Role : Generic34 Role122] but found [Role Already exists. Please specify a different name]">
      <![CDATA[java.lang.AssertionError: New role deos not created expected [Successfully Created Role : Generic34 Role122] but found [Role Already exists. Please specify a different name]at Tests.Tests.CreateRole(Tests.java:623)... Removed 30 stack frames]]>
    </failure>
  </testcase> <!-- CreateRole -->
  <testcase name="cteateTravelAgentAccount" time="0.0" classname="Tests.Tests">
    <ignored/>
  </testcase> <!-- cteateTravelAgentAccount -->
  <testcase name="VerifyNewRatePlan" time="0.0" classname="Tests.Tests">
    <ignored/>
  </testcase> <!-- VerifyNewRatePlan -->
  <testcase name="CreateAndVerfiySyndication" time="0.0" classname="Tests.Tests">
    <ignored/>
  </testcase> <!-- CreateAndVerfiySyndication -->
  <testcase name="VerifyNetSales" time="0.0" classname="Tests.Tests">
    <ignored/>
  </testcase> <!-- VerifyNetSales -->
  <testcase name="cteateAndVerifyRules" time="0.0" classname="Tests.Tests">
    <ignored/>
  </testcase> <!-- cteateAndVerifyRules -->
  <testcase name="VerifyCardPayment" time="0.0" classname="Tests.Tests">
    <ignored/>
  </testcase> <!-- VerifyCardPayment -->
  <testcase name="createHouseAccount" time="0.0" classname="Tests.Tests">
    <ignored/>
  </testcase> <!-- createHouseAccount -->
  <testcase name="CreateMerchantServices" time="0.0" classname="Tests.Tests">
    <ignored/>
  </testcase> <!-- CreateMerchantServices -->
  <testcase name="CreateSession" time="0.0" classname="Tests.Tests">
    <ignored/>
  </testcase> <!-- CreateSession -->
  <testcase name="CreateVirtualRoom" time="0.0" classname="Tests.Tests">
    <ignored/>
  </testcase> <!-- CreateVirtualRoom -->
  <testcase name="createCorporateAccount" time="0.0" classname="Tests.Tests">
    <ignored/>
  </testcase> <!-- createCorporateAccount -->
</testsuite> <!-- Kemble Tests -->
